[2025-11-28 11:23:52] local.ERROR: SQLSTATE[HY000] [1045] Access denied for user 'root'@'127.0.0.1' (using password: NO) (Connection: mysql, SQL: select * from `cache` where `key` in (beingpetz_cache_setting_site_name)) {"exception":"[object] (Illuminate\\Database\\QueryException(code: 1045): SQLSTATE[HY000] [1045] Access denied for user 'root'@'127.0.0.1' (using password: NO) (Connection: mysql, SQL: select * from `cache` where `key` in (beingpetz_cache_setting_site_name)) at /home/u928100289/domains/beingpetz.com/public_html/petz-info/vendor/laravel/framework/src/Illuminate/Database/Connection.php:822)
[stacktrace]
#0 /home/u928100289/domains/beingpetz.com/public_html/petz-info/vendor/laravel/framework/src/Illuminate/Database/Connection.php(976): Illuminate\\Database\\Connection->runQueryCallback()
#1 /home/u928100289/domains/beingpetz.com/public_html/petz-info/vendor/laravel/framework/src/Illuminate/Database/Connection.php(955): Illuminate\\Database\\Connection->tryAgainIfCausedByLostConnection()
#2 /home/u928100289/domains/beingpetz.com/public_html/petz-info/vendor/laravel/framework/src/Illuminate/Database/Connection.php(778): Illuminate\\Database\\Connection->handleQueryException()
#3 /home/u928100289/domains/beingpetz.com/public_html/petz-info/vendor/laravel/framework/src/Illuminate/Database/Connection.php(395): Illuminate\\Database\\Connection->run()
#4 /home/u928100289/domains/beingpetz.com/public_html/petz-info/vendor/laravel/framework/src/Illuminate/Database/Query/Builder.php(3107): Illuminate\\Database\\Connection->select()
#5 /home/u928100289/domains/beingpetz.com/public_html/petz-info/vendor/laravel/framework/src/Illuminate/Database/Query/Builder.php(3092): Illuminate\\Database\\Query\\Builder->runSelect()
#6 /home/u928100289/domains/beingpetz.com/public_html/petz-info/vendor/laravel/framework/src/Illuminate/Database/Query/Builder.php(3679): Illuminate\\Database\\Query\\Builder->Illuminate\\Database\\Query\\{closure}()
#7 /home/u928100289/domains/beingpetz.com/public_html/petz-info/vendor/laravel/framework/src/Illuminate/Database/Query/Builder.php(3091): Illuminate\\Database\\Query\\Builder->onceWithColumns()
#8 /home/u928100289/domains/beingpetz.com/public_html/petz-info/vendor/laravel/framework/src/Illuminate/Cache/DatabaseStore.php(129): Illuminate\\Database\\Query\\Builder->get()
#9 /home/u928100289/domains/beingpetz.com/public_html/petz-info/vendor/laravel/framework/src/Illuminate/Cache/DatabaseStore.php(104): Illuminate\\Cache\\DatabaseStore->many()
#10 /home/u928100289/domains/beingpetz.com/public_html/petz-info/vendor/laravel/framework/src/Illuminate/Cache/Repository.php(119): Illuminate\\Cache\\DatabaseStore->get()
#11 /home/u928100289/domains/beingpetz.com/public_html/petz-info/vendor/laravel/framework/src/Illuminate/Cache/Repository.php(422): Illuminate\\Cache\\Repository->get()
#12 /home/u928100289/domains/beingpetz.com/public_html/petz-info/vendor/laravel/framework/src/Illuminate/Cache/CacheManager.php(474): Illuminate\\Cache\\Repository->remember()
#13 /home/u928100289/domains/beingpetz.com/public_html/petz-info/vendor/laravel/framework/src/Illuminate/Support/Facades/Facade.php(361): Illuminate\\Cache\\CacheManager->__call()
#14 /home/u928100289/domains/beingpetz.com/public_html/petz-info/app/Helpers/SettingsHelper.php(11): Illuminate\\Support\\Facades\\Facade::__callStatic()
#15 /home/u928100289/domains/beingpetz.com/public_html/petz-info/app/Providers/AppServiceProvider.php(32): App\\Helpers\\SettingsHelper::get()
#16 /home/u928100289/domains/beingpetz.com/public_html/petz-info/vendor/laravel/framework/src/Illuminate/View/Concerns/ManagesEvents.php(162): App\\Providers\\AppServiceProvider->App\\Providers\\{closure}()
#17 /home/u928100289/domains/beingpetz.com/public_html/petz-info/vendor/laravel/framework/src/Illuminate/Events/Dispatcher.php(456): Illuminate\\View\\Factory->Illuminate\\View\\Concerns\\{closure}()
#18 /home/u928100289/domains/beingpetz.com/public_html/petz-info/vendor/laravel/framework/src/Illuminate/Events/Dispatcher.php(286): Illuminate\\Events\\Dispatcher->Illuminate\\Events\\{closure}()
#19 /home/u928100289/domains/beingpetz.com/public_html/petz-info/vendor/laravel/framework/src/Illuminate/Events/Dispatcher.php(266): Illuminate\\Events\\Dispatcher->invokeListeners()
#20 /home/u928100289/domains/beingpetz.com/public_html/petz-info/vendor/laravel/framework/src/Illuminate/View/Concerns/ManagesEvents.php(178): Illuminate\\Events\\Dispatcher->dispatch()
#21 /home/u928100289/domains/beingpetz.com/public_html/petz-info/vendor/laravel/framework/src/Illuminate/View/View.php(189): Illuminate\\View\\Factory->callComposer()
#22 /home/u928100289/domains/beingpetz.com/public_html/petz-info/vendor/laravel/framework/src/Illuminate/View/View.php(160): Illuminate\\View\\View->renderContents()
#23 /home/u928100289/domains/beingpetz.com/public_html/petz-info/vendor/laravel/framework/src/Illuminate/Http/Response.php(78): Illuminate\\View\\View->render()
#24 /home/u928100289/domains/beingpetz.com/public_html/petz-info/vendor/laravel/framework/src/Illuminate/Http/Response.php(34): Illuminate\\Http\\Response->setContent()
#25 /home/u928100289/domains/beingpetz.com/public_html/petz-info/vendor/laravel/framework/src/Illuminate/Routing/ResponseFactory.php(60): Illuminate\\Http\\Response->__construct()
#26 /home/u928100289/domains/beingpetz.com/public_html/petz-info/vendor/laravel/framework/src/Illuminate/Routing/ResponseFactory.php(90): Illuminate\\Routing\\ResponseFactory->make()
#27 /home/u928100289/domains/beingpetz.com/public_html/petz-info/vendor/laravel/framework/src/Illuminate/Foundation/Exceptions/Handler.php(897): Illuminate\\Routing\\ResponseFactory->view()
#28 /home/u928100289/domains/beingpetz.com/public_html/petz-info/vendor/laravel/framework/src/Illuminate/Foundation/Exceptions/Handler.php(818): Illuminate\\Foundation\\Exceptions\\Handler->renderHttpException()
#29 /home/u928100289/domains/beingpetz.com/public_html/petz-info/vendor/laravel/framework/src/Illuminate/Foundation/Exceptions/Handler.php(709): Illuminate\\Foundation\\Exceptions\\Handler->prepareResponse()
#30 /home/u928100289/domains/beingpetz.com/public_html/petz-info/vendor/laravel/framework/src/Illuminate/Foundation/Exceptions/Handler.php(597): Illuminate\\Foundation\\Exceptions\\Handler->renderExceptionResponse()
#31 /home/u928100289/domains/beingpetz.com/public_html/petz-info/vendor/laravel/framework/src/Illuminate/Routing/Pipeline.php(51): Illuminate\\Foundation\\Exceptions\\Handler->render()
#32 /home/u928100289/domains/beingpetz.com/public_html/petz-info/vendor/laravel/framework/src/Illuminate/Pipeline/Pipeline.php(171): Illuminate\\Routing\\Pipeline->handleException()
#33 /home/u928100289/domains/beingpetz.com/public_html/petz-info/vendor/laravel/framework/src/Illuminate/Foundation/Http/Middleware/TransformsRequest.php(21): Illuminate\\Pipeline\\Pipeline->Illuminate\\Pipeline\\{closure}()
#34 /home/u928100289/domains/beingpetz.com/public_html/petz-info/vendor/laravel/framework/src/Illuminate/Foundation/Http/Middleware/ConvertEmptyStringsToNull.php(31): Illuminate\\Foundation\\Http\\Middleware\\TransformsRequest->handle()
#35 /home/u928100289/domains/beingpetz.com/public_html/petz-info/vendor/laravel/framework/src/Illuminate/Pipeline/Pipeline.php(208): Illuminate\\Foundation\\Http\\Middleware\\ConvertEmptyStringsToNull->handle()
#36 /home/u928100289/domains/beingpetz.com/public_html/petz-info/vendor/laravel/framework/src/Illuminate/Foundation/Http/Middleware/TransformsRequest.php(21): Illuminate\\Pipeline\\Pipeline->Illuminate\\Pipeline\\{closure}()
#37 /home/u928100289/domains/beingpetz.com/public_html/petz-info/vendor/laravel/framework/src/Illuminate/Foundation/Http/Middleware/TrimStrings.php(51): Illuminate\\Foundation\\Http\\Middleware\\TransformsRequest->handle()
#38 /home/u928100289/domains/beingpetz.com/public_html/petz-info/vendor/laravel/framework/src/Illuminate/Pipeline/Pipeline.php(208): Illuminate\\Foundation\\Http\\Middleware\\TrimStrings->handle()
#39 /home/u928100289/domains/beingpetz.com/public_html/petz-info/vendor/laravel/framework/src/Illuminate/Http/Middleware/ValidatePostSize.php(27): Illuminate\\Pipeline\\Pipeline->Illuminate\\Pipeline\\{closure}()
#40 /home/u928100289/domains/beingpetz.com/public_html/petz-info/vendor/laravel/framework/src/Illuminate/Pipeline/Pipeline.php(208): Illuminate\\Http\\Middleware\\ValidatePostSize->handle()
#41 /home/u928100289/domains/beingpetz.com/public_html/petz-info/vendor/laravel/framework/src/Illuminate/Foundation/Http/Middleware/PreventRequestsDuringMaintenance.php(109): Illuminate\\Pipeline\\Pipeline->Illuminate\\Pipeline\\{closure}()
#42 /home/u928100289/domains/beingpetz.com/public_html/petz-info/vendor/laravel/framework/src/Illuminate/Pipeline/Pipeline.php(208): Illuminate\\Foundation\\Http\\Middleware\\PreventRequestsDuringMaintenance->handle()
#43 /home/u928100289/domains/beingpetz.com/public_html/petz-info/vendor/laravel/framework/src/Illuminate/Http/Middleware/HandleCors.php(48): Illuminate\\Pipeline\\Pipeline->Illuminate\\Pipeline\\{closure}()
#44 /home/u928100289/domains/beingpetz.com/public_html/petz-info/vendor/laravel/framework/src/Illuminate/Pipeline/Pipeline.php(208): Illuminate\\Http\\Middleware\\HandleCors->handle()
#45 /home/u928100289/domains/beingpetz.com/public_html/petz-info/vendor/laravel/framework/src/Illuminate/Http/Middleware/TrustProxies.php(58): Illuminate\\Pipeline\\Pipeline->Illuminate\\Pipeline\\{closure}()
#46 /home/u928100289/domains/beingpetz.com/public_html/petz-info/vendor/laravel/framework/src/Illuminate/Pipeline/Pipeline.php(208): Illuminate\\Http\\Middleware\\TrustProxies->handle()
#47 /home/u928100289/domains/beingpetz.com/public_html/petz-info/vendor/laravel/framework/src/Illuminate/Foundation/Http/Middleware/InvokeDeferredCallbacks.php(22): Illuminate\\Pipeline\\Pipeline->Illuminate\\Pipeline\\{closure}()
#48 /home/u928100289/domains/beingpetz.com/public_html/petz-info/vendor/laravel/framework/src/Illuminate/Pipeline/Pipeline.php(208): Illuminate\\Foundation\\Http\\Middleware\\InvokeDeferredCallbacks->handle()
#49 /home/u928100289/domains/beingpetz.com/public_html/petz-info/vendor/laravel/framework/src/Illuminate/Http/Middleware/ValidatePathEncoding.php(26): Illuminate\\Pipeline\\Pipeline->Illuminate\\Pipeline\\{closure}()
#50 /home/u928100289/domains/beingpetz.com/public_html/petz-info/vendor/laravel/framework/src/Illuminate/Pipeline/Pipeline.php(208): Illuminate\\Http\\Middleware\\ValidatePathEncoding->handle()
#51 /home/u928100289/domains/beingpetz.com/public_html/petz-info/vendor/laravel/framework/src/Illuminate/Pipeline/Pipeline.php(126): Illuminate\\Pipeline\\Pipeline->Illuminate\\Pipeline\\{closure}()
#52 /home/u928100289/domains/beingpetz.com/public_html/petz-info/vendor/laravel/framework/src/Illuminate/Foundation/Http/Kernel.php(175): Illuminate\\Pipeline\\Pipeline->then()
#53 /home/u928100289/domains/beingpetz.com/public_html/petz-info/vendor/laravel/framework/src/Illuminate/Foundation/Http/Kernel.php(144): Illuminate\\Foundation\\Http\\Kernel->sendRequestThroughRouter()
#54 /home/u928100289/domains/beingpetz.com/public_html/petz-info/vendor/laravel/framework/src/Illuminate/Foundation/Application.php(1219): Illuminate\\Foundation\\Http\\Kernel->handle()
#55 /home/u928100289/domains/beingpetz.com/public_html/petz-info/public/index.php(20): Illuminate\\Foundation\\Application->handleRequest()
#56 {main}

[previous exception] [object] (PDOException(code: 1045): SQLSTATE[HY000] [1045] Access denied for user 'root'@'127.0.0.1' (using password: NO) at /home/u928100289/domains/beingpetz.com/public_html/petz-info/vendor/laravel/framework/src/Illuminate/Database/Connectors/Connector.php:66)
[stacktrace]
#0 /home/u928100289/domains/beingpetz.com/public_html/petz-info/vendor/laravel/framework/src/Illuminate/Database/Connectors/Connector.php(66): PDO->__construct()
#1 /home/u928100289/domains/beingpetz.com/public_html/petz-info/vendor/laravel/framework/src/Illuminate/Database/Connectors/Connector.php(85): Illuminate\\Database\\Connectors\\Connector->createPdoConnection()
#2 /home/u928100289/domains/beingpetz.com/public_html/petz-info/vendor/laravel/framework/src/Illuminate/Database/Connectors/Connector.php(48): Illuminate\\Database\\Connectors\\Connector->tryAgainIfCausedByLostConnection()
#3 /home/u928100289/domains/beingpetz.com/public_html/petz-info/vendor/laravel/framework/src/Illuminate/Database/Connectors/MySqlConnector.php(24): Illuminate\\Database\\Connectors\\Connector->createConnection()
#4 /home/u928100289/domains/beingpetz.com/public_html/petz-info/vendor/laravel/framework/src/Illuminate/Database/Connectors/ConnectionFactory.php(184): Illuminate\\Database\\Connectors\\MySqlConnector->connect()
#5 [internal function]: Illuminate\\Database\\Connectors\\ConnectionFactory->Illuminate\\Database\\Connectors\\{closure}()
#6 /home/u928100289/domains/beingpetz.com/public_html/petz-info/vendor/laravel/framework/src/Illuminate/Database/Connection.php(1228): call_user_func()
#7 /home/u928100289/domains/beingpetz.com/public_html/petz-info/vendor/laravel/framework/src/Illuminate/Database/Connection.php(1264): Illuminate\\Database\\Connection->getPdo()
#8 /home/u928100289/domains/beingpetz.com/public_html/petz-info/vendor/laravel/framework/src/Illuminate/Database/Connection.php(509): Illuminate\\Database\\Connection->getReadPdo()
#9 /home/u928100289/domains/beingpetz.com/public_html/petz-info/vendor/laravel/framework/src/Illuminate/Database/Connection.php(404): Illuminate\\Database\\Connection->getPdoForSelect()
#10 /home/u928100289/domains/beingpetz.com/public_html/petz-info/vendor/laravel/framework/src/Illuminate/Database/Connection.php(809): Illuminate\\Database\\Connection->Illuminate\\Database\\{closure}()
#11 /home/u928100289/domains/beingpetz.com/public_html/petz-info/vendor/laravel/framework/src/Illuminate/Database/Connection.php(976): Illuminate\\Database\\Connection->runQueryCallback()
#12 /home/u928100289/domains/beingpetz.com/public_html/petz-info/vendor/laravel/framework/src/Illuminate/Database/Connection.php(955): Illuminate\\Database\\Connection->tryAgainIfCausedByLostConnection()
#13 /home/u928100289/domains/beingpetz.com/public_html/petz-info/vendor/laravel/framework/src/Illuminate/Database/Connection.php(778): Illuminate\\Database\\Connection->handleQueryException()
#14 /home/u928100289/domains/beingpetz.com/public_html/petz-info/vendor/laravel/framework/src/Illuminate/Database/Connection.php(395): Illuminate\\Database\\Connection->run()
#15 /home/u928100289/domains/beingpetz.com/public_html/petz-info/vendor/laravel/framework/src/Illuminate/Database/Query/Builder.php(3107): Illuminate\\Database\\Connection->select()
#16 /home/u928100289/domains/beingpetz.com/public_html/petz-info/vendor/laravel/framework/src/Illuminate/Database/Query/Builder.php(3092): Illuminate\\Database\\Query\\Builder->runSelect()
#17 /home/u928100289/domains/beingpetz.com/public_html/petz-info/vendor/laravel/framework/src/Illuminate/Database/Query/Builder.php(3679): Illuminate\\Database\\Query\\Builder->Illuminate\\Database\\Query\\{closure}()
#18 /home/u928100289/domains/beingpetz.com/public_html/petz-info/vendor/laravel/framework/src/Illuminate/Database/Query/Builder.php(3091): Illuminate\\Database\\Query\\Builder->onceWithColumns()
#19 /home/u928100289/domains/beingpetz.com/public_html/petz-info/vendor/laravel/framework/src/Illuminate/Cache/DatabaseStore.php(129): Illuminate\\Database\\Query\\Builder->get()
#20 /home/u928100289/domains/beingpetz.com/public_html/petz-info/vendor/laravel/framework/src/Illuminate/Cache/DatabaseStore.php(104): Illuminate\\Cache\\DatabaseStore->many()
#21 /home/u928100289/domains/beingpetz.com/public_html/petz-info/vendor/laravel/framework/src/Illuminate/Cache/Repository.php(119): Illuminate\\Cache\\DatabaseStore->get()
#22 /home/u928100289/domains/beingpetz.com/public_html/petz-info/vendor/laravel/framework/src/Illuminate/Cache/Repository.php(422): Illuminate\\Cache\\Repository->get()
#23 /home/u928100289/domains/beingpetz.com/public_html/petz-info/vendor/laravel/framework/src/Illuminate/Cache/CacheManager.php(474): Illuminate\\Cache\\Repository->remember()
#24 /home/u928100289/domains/beingpetz.com/public_html/petz-info/vendor/laravel/framework/src/Illuminate/Support/Facades/Facade.php(361): Illuminate\\Cache\\CacheManager->__call()
#25 /home/u928100289/domains/beingpetz.com/public_html/petz-info/app/Helpers/SettingsHelper.php(11): Illuminate\\Support\\Facades\\Facade::__callStatic()
#26 /home/u928100289/domains/beingpetz.com/public_html/petz-info/app/Providers/AppServiceProvider.php(32): App\\Helpers\\SettingsHelper::get()
#27 /home/u928100289/domains/beingpetz.com/public_html/petz-info/vendor/laravel/framework/src/Illuminate/View/Concerns/ManagesEvents.php(162): App\\Providers\\AppServiceProvider->App\\Providers\\{closure}()
#28 /home/u928100289/domains/beingpetz.com/public_html/petz-info/vendor/laravel/framework/src/Illuminate/Events/Dispatcher.php(456): Illuminate\\View\\Factory->Illuminate\\View\\Concerns\\{closure}()
#29 /home/u928100289/domains/beingpetz.com/public_html/petz-info/vendor/laravel/framework/src/Illuminate/Events/Dispatcher.php(286): Illuminate\\Events\\Dispatcher->Illuminate\\Events\\{closure}()
#30 /home/u928100289/domains/beingpetz.com/public_html/petz-info/vendor/laravel/framework/src/Illuminate/Events/Dispatcher.php(266): Illuminate\\Events\\Dispatcher->invokeListeners()
#31 /home/u928100289/domains/beingpetz.com/public_html/petz-info/vendor/laravel/framework/src/Illuminate/View/Concerns/ManagesEvents.php(178): Illuminate\\Events\\Dispatcher->dispatch()
#32 /home/u928100289/domains/beingpetz.com/public_html/petz-info/vendor/laravel/framework/src/Illuminate/View/View.php(189): Illuminate\\View\\Factory->callComposer()
#33 /home/u928100289/domains/beingpetz.com/public_html/petz-info/vendor/laravel/framework/src/Illuminate/View/View.php(160): Illuminate\\View\\View->renderContents()
#34 /home/u928100289/domains/beingpetz.com/public_html/petz-info/vendor/laravel/framework/src/Illuminate/Http/Response.php(78): Illuminate\\View\\View->render()
#35 /home/u928100289/domains/beingpetz.com/public_html/petz-info/vendor/laravel/framework/src/Illuminate/Http/Response.php(34): Illuminate\\Http\\Response->setContent()
#36 /home/u928100289/domains/beingpetz.com/public_html/petz-info/vendor/laravel/framework/src/Illuminate/Routing/ResponseFactory.php(60): Illuminate\\Http\\Response->__construct()
#37 /home/u928100289/domains/beingpetz.com/public_html/petz-info/vendor/laravel/framework/src/Illuminate/Routing/ResponseFactory.php(90): Illuminate\\Routing\\ResponseFactory->make()
#38 /home/u928100289/domains/beingpetz.com/public_html/petz-info/vendor/laravel/framework/src/Illuminate/Foundation/Exceptions/Handler.php(897): Illuminate\\Routing\\ResponseFactory->view()
#39 /home/u928100289/domains/beingpetz.com/public_html/petz-info/vendor/laravel/framework/src/Illuminate/Foundation/Exceptions/Handler.php(818): Illuminate\\Foundation\\Exceptions\\Handler->renderHttpException()
#40 /home/u928100289/domains/beingpetz.com/public_html/petz-info/vendor/laravel/framework/src/Illuminate/Foundation/Exceptions/Handler.php(709): Illuminate\\Foundation\\Exceptions\\Handler->prepareResponse()
#41 /home/u928100289/domains/beingpetz.com/public_html/petz-info/vendor/laravel/framework/src/Illuminate/Foundation/Exceptions/Handler.php(597): Illuminate\\Foundation\\Exceptions\\Handler->renderExceptionResponse()
#42 /home/u928100289/domains/beingpetz.com/public_html/petz-info/vendor/laravel/framework/src/Illuminate/Routing/Pipeline.php(51): Illuminate\\Foundation\\Exceptions\\Handler->render()
#43 /home/u928100289/domains/beingpetz.com/public_html/petz-info/vendor/laravel/framework/src/Illuminate/Pipeline/Pipeline.php(171): Illuminate\\Routing\\Pipeline->handleException()
#44 /home/u928100289/domains/beingpetz.com/public_html/petz-info/vendor/laravel/framework/src/Illuminate/Foundation/Http/Middleware/TransformsRequest.php(21): Illuminate\\Pipeline\\Pipeline->Illuminate\\Pipeline\\{closure}()
#45 /home/u928100289/domains/beingpetz.com/public_html/petz-info/vendor/laravel/framework/src/Illuminate/Foundation/Http/Middleware/ConvertEmptyStringsToNull.php(31): Illuminate\\Foundation\\Http\\Middleware\\TransformsRequest->handle()
#46 /home/u928100289/domains/beingpetz.com/public_html/petz-info/vendor/laravel/framework/src/Illuminate/Pipeline/Pipeline.php(208): Illuminate\\Foundation\\Http\\Middleware\\ConvertEmptyStringsToNull->handle()
#47 /home/u928100289/domains/beingpetz.com/public_html/petz-info/vendor/laravel/framework/src/Illuminate/Foundation/Http/Middleware/TransformsRequest.php(21): Illuminate\\Pipeline\\Pipeline->Illuminate\\Pipeline\\{closure}()
#48 /home/u928100289/domains/beingpetz.com/public_html/petz-info/vendor/laravel/framework/src/Illuminate/Foundation/Http/Middleware/TrimStrings.php(51): Illuminate\\Foundation\\Http\\Middleware\\TransformsRequest->handle()
#49 /home/u928100289/domains/beingpetz.com/public_html/petz-info/vendor/laravel/framework/src/Illuminate/Pipeline/Pipeline.php(208): Illuminate\\Foundation\\Http\\Middleware\\TrimStrings->handle()
#50 /home/u928100289/domains/beingpetz.com/public_html/petz-info/vendor/laravel/framework/src/Illuminate/Http/Middleware/ValidatePostSize.php(27): Illuminate\\Pipeline\\Pipeline->Illuminate\\Pipeline\\{closure}()
#51 /home/u928100289/domains/beingpetz.com/public_html/petz-info/vendor/laravel/framework/src/Illuminate/Pipeline/Pipeline.php(208): Illuminate\\Http\\Middleware\\ValidatePostSize->handle()
#52 /home/u928100289/domains/beingpetz.com/public_html/petz-info/vendor/laravel/framework/src/Illuminate/Foundation/Http/Middleware/PreventRequestsDuringMaintenance.php(109): Illuminate\\Pipeline\\Pipeline->Illuminate\\Pipeline\\{closure}()
#53 /home/u928100289/domains/beingpetz.com/public_html/petz-info/vendor/laravel/framework/src/Illuminate/Pipeline/Pipeline.php(208): Illuminate\\Foundation\\Http\\Middleware\\PreventRequestsDuringMaintenance->handle()
#54 /home/u928100289/domains/beingpetz.com/public_html/petz-info/vendor/laravel/framework/src/Illuminate/Http/Middleware/HandleCors.php(48): Illuminate\\Pipeline\\Pipeline->Illuminate\\Pipeline\\{closure}()
#55 /home/u928100289/domains/beingpetz.com/public_html/petz-info/vendor/laravel/framework/src/Illuminate/Pipeline/Pipeline.php(208): Illuminate\\Http\\Middleware\\HandleCors->handle()
#56 /home/u928100289/domains/beingpetz.com/public_html/petz-info/vendor/laravel/framework/src/Illuminate/Http/Middleware/TrustProxies.php(58): Illuminate\\Pipeline\\Pipeline->Illuminate\\Pipeline\\{closure}()
#57 /home/u928100289/domains/beingpetz.com/public_html/petz-info/vendor/laravel/framework/src/Illuminate/Pipeline/Pipeline.php(208): Illuminate\\Http\\Middleware\\TrustProxies->handle()
#58 /home/u928100289/domains/beingpetz.com/public_html/petz-info/vendor/laravel/framework/src/Illuminate/Foundation/Http/Middleware/InvokeDeferredCallbacks.php(22): Illuminate\\Pipeline\\Pipeline->Illuminate\\Pipeline\\{closure}()
#59 /home/u928100289/domains/beingpetz.com/public_html/petz-info/vendor/laravel/framework/src/Illuminate/Pipeline/Pipeline.php(208): Illuminate\\Foundation\\Http\\Middleware\\InvokeDeferredCallbacks->handle()
#60 /home/u928100289/domains/beingpetz.com/public_html/petz-info/vendor/laravel/framework/src/Illuminate/Http/Middleware/ValidatePathEncoding.php(26): Illuminate\\Pipeline\\Pipeline->Illuminate\\Pipeline\\{closure}()
#61 /home/u928100289/domains/beingpetz.com/public_html/petz-info/vendor/laravel/framework/src/Illuminate/Pipeline/Pipeline.php(208): Illuminate\\Http\\Middleware\\ValidatePathEncoding->handle()
#62 /home/u928100289/domains/beingpetz.com/public_html/petz-info/vendor/laravel/framework/src/Illuminate/Pipeline/Pipeline.php(126): Illuminate\\Pipeline\\Pipeline->Illuminate\\Pipeline\\{closure}()
#63 /home/u928100289/domains/beingpetz.com/public_html/petz-info/vendor/laravel/framework/src/Illuminate/Foundation/Http/Kernel.php(175): Illuminate\\Pipeline\\Pipeline->then()
#64 /home/u928100289/domains/beingpetz.com/public_html/petz-info/vendor/laravel/framework/src/Illuminate/Foundation/Http/Kernel.php(144): Illuminate\\Foundation\\Http\\Kernel->sendRequestThroughRouter()
#65 /home/u928100289/domains/beingpetz.com/public_html/petz-info/vendor/laravel/framework/src/Illuminate/Foundation/Application.php(1219): Illuminate\\Foundation\\Http\\Kernel->handle()
#66 /home/u928100289/domains/beingpetz.com/public_html/petz-info/public/index.php(20): Illuminate\\Foundation\\Application->handleRequest()
#67 {main}
"} 
